82
0 23 91
0 42 57
1 8 0
1 45 -61
1 0 0
1 26 -25
2 30 21
2 22 6
2 48 59
2 29 58
2 45 -81
2 3 13
3 13 -77
3 35 48
3 0 -3
3 39 68
3 32 3
3 48 64
3 38 36
3 27 46
4 7 92
4 19 57
4 10 -17
4 27 64
4 31 81
5 8 38
5 28 -70
5 29 -76
5 36 -90
5 12 0
6 12 -34
6 49 -88
6 14 -6
6 20 81
6 31 -78
6 7 -77
7 16 -42
7 31 -51
7 30 -19
7 26 62
7 24 3
7 14 59
7 39 87
7 25 61
7 22 -89
7 47 -32
7 3 46
8 19 -50
8 15 21
8 49 44
8 34 27
8 26 -5
8 6 -25
9 21 -68
9 22 -23
9 13 94
9 24 -19
9 40 50
9 41 -24
9 7 88
9 29 -75
9 35 -63
10 18 -6
10 41 -70
10 26 43
10 22 -21
10 31 67
10 24 -14
10 39 -100
10 45 11
11 2 -99
12 32 76
12 33 80
12 46 -81
12 13 62
12 34 -84
12 25 -36
12 3 -95
13 4 -65
13 42 98
13 40 -77
13 21 27
14 23 53
14 10 -58
14 9 -78
14 4 73
14 0 24
15 29 -67
15 39 18
15 25 53
15 45 -66
16 28 93
16 38 -11
16 23 -32
16 17 -74
16 10 95
16 41 41
17 22 78
17 33 -95
17 8 -15
17 26 53
17 6 89
17 12 40
18 34 51
18 16 61
18 7 -45
18 47 87
18 3 92
18 37 61
18 17 94
19 22 59
19 36 -51
19 25 12
19 17 55
19 48 23
19 7 -62
20 36 -1
20 38 88
20 48 -16
20 29 75
21 16 87
21 18 -68
21 10 -65
21 30 -68
21 25 -3
21 24 55
22 31 -45
22 14 5
23 47 11
23 40 -92
23 2 95
23 6 -3
23 12 44
23 9 -33
23 29 22
24 19 23
25 0 -24
25 26 100
25 3 54
26 35 91
26 9 78
26 23 47
26 6 52
26 22 1
27 19 63
27 34 -52
27 13 -7
27 11 51
27 8 -67
27 2 88
27 29 -55
28 4 -67
29 47 -73
29 19 85
29 31 19
29 44 49
29 10 -100
29 4 74
30 49 -81
30 13 -41
30 10 -84
30 9 88
30 11 97
30 33 -67
31 38 -34
32 4 44
32 18 -46
32 34 -59
32 22 -53
32 11 -89
32 23 -84
32 30 -90
32 21 75
33 32 -93
33 8 -6
33 7 40
33 3 -98
34 14 -59
34 4 16
34 25 -19
35 28 -76
35 34 -50
35 6 -18
35 49 -43
35 1 47
35 22 1
35 10 -15
36 21 -58
36 43 -65
36 46 -51
36 24 75
36 15 63
36 6 51
36 37 75
36 2 -63
36 9 -81
37 17 33
37 30 19
38 23 33
38 12 47
38 42 50
39 18 98
39 40 -83
39 11 55
39 31 -10
39 23 -61
40 48 30
40 16 55
40 29 93
40 43 -12
40 7 19
40 0 -68
41 35 -74
41 45 60
41 18 5
42 6 32
42 24 -76
42 7 -39
42 39 -45
42 5 -81
42 2 -54
42 16 -26
43 17 2
43 9 -61
43 0 17
43 49 86
44 31 73
44 6 13
44 8 -12
45 8 -100
45 48 21
46 31 -97
46 24 20
47 44 -24
47 48 -18
47 21 38
47 37 -50
47 16 -94
48 37 -79
48 23 7
48 12 34
48 28 -47
48 42 94
48 6 -42
48 49 -48
48 46 30
49 42 91
49 37 -83
49 19 12
49 32 26
49 22 -18
