393
0 206 -16
0 448 -67
0 494 -73
0 91 -6
1 400 -53
1 314 26
1 38 36
1 356 -17
1 278 -53
2 438 -30
2 201 -88
3 428 -31
3 187 -8
3 109 53
3 488 -25
3 407 56
3 452 30
3 388 -18
3 41 -44
4 378 -22
4 413 -68
5 368 29
5 69 -40
5 401 -11
5 291 68
5 153 60
5 158 64
5 468 -61
6 256 -88
6 131 -25
6 338 78
6 292 -35
7 487 29
7 336 -77
7 413 48
7 289 -46
7 497 68
7 260 -19
8 246 -72
8 217 70
9 234 -96
9 34 61
9 292 39
9 19 42
10 281 49
10 207 100
10 285 -10
10 490 3
10 133 87
10 455 -44
11 106 -97
11 30 8
11 241 43
11 460 29
11 165 97
11 168 85
12 478 7
12 282 -82
12 454 -68
12 151 -54
12 433 75
13 322 -55
13 192 -42
13 414 71
13 111 35
13 103 93
13 402 61
13 108 54
13 312 -59
13 90 53
14 182 51
14 408 79
14 256 36
15 112 -97
15 447 32
15 314 50
15 22 62
15 328 -38
15 52 -15
15 453 82
15 6 50
16 299 63
16 92 -66
16 177 -21
16 246 -64
17 382 55
17 204 26
17 129 89
17 103 27
17 294 -56
17 467 6
18 404 66
18 142 71
18 83 -38
18 320 93
18 199 -51
18 245 46
18 448 -30
19 168 -16
19 352 -20
19 451 5
19 492 -88
20 344 -69
20 433 35
20 494 71
21 301 70
21 178 41
21 165 11
21 10 9
22 79 -71
22 163 22
22 366 -4
23 222 0
23 146 -42
24 100 -98
24 20 57
24 423 4
24 151 -52
24 489 -10
24 313 -29
24 262 40
24 231 -18
24 404 -50
25 497 -44
25 86 -76
25 15 -63
25 61 -52
25 375 -25
25 207 76
25 391 11
26 461 17
26 277 88
26 173 22
26 113 -33
26 323 -7
26 454 53
26 266 85
27 254 43
27 40 -76
27 19 -41
27 138 -94
27 393 9
28 328 -11
28 420 57
29 478 -3
29 489 63
29 429 -37
29 308 -27
29 53 -69
29 184 81
30 24 -56
30 481 8
30 233 43
30 80 28
31 160 50
31 128 35
31 73 -36
31 358 90
31 168 70
31 147 44
31 26 2
32 394 -32
32 212 -23
32 176 95
32 435 8
32 316 58
32 187 35
32 99 79
32 386 -73
33 498 45
34 453 52
34 191 -13
34 329 20
34 497 -37
34 367 13
34 452 71
34 475 -4
35 324 75
35 109 -67
35 474 -44
35 254 49
35 64 -96
35 272 24
35 79 -84
36 162 -82
36 239 -23
36 256 75
36 270 77
36 288 76
36 481 21
37 317 -69
37 319 32
38 83 58
38 235 -77
38 222 -7
38 65 -57
39 191 -31
39 87 -23
39 263 -66
39 85 17
39 277 -93
39 103 30
39 101 -96
39 130 99
39 423 23
40 208 -76
40 414 64
40 367 -13
40 251 76
40 361 -19
41 432 -48
41 301 73
41 372 49
42 494 -60
42 106 91
42 300 95
42 43 54
42 65 -18
42 93 49
42 138 16
42 155 59
43 491 -90
43 46 3
43 9 -90
43 62 -80
43 313 -36
43 484 26
43 118 -16
43 89 -10
43 61 42
44 222 -82
44 56 43
44 360 82
44 236 -10
44 375 97
44 35 -56
45 316 -67
45 494 42
45 204 80
45 301 -20
45 471 -71
45 438 -85
45 206 -41
45 235 -40
46 230 -6
46 358 85
46 328 -55
46 295 80
46 466 -71
47 105 -40
47 493 97
47 343 99
47 279 98
47 340 -95
48 349 -42
48 15 -78
48 474 80
48 122 92
48 298 -60
48 411 67
48 73 97
49 266 35
49 30 -62
50 336 -89
50 374 65
50 218 -14
50 256 -95
50 151 60
50 129 70
50 160 26
50 192 -48
51 456 22
51 484 38
52 433 68
52 29 -9
52 210 92
52 264 23
52 67 29
52 105 62
52 31 -53
52 436 -68
53 137 40
53 41 18
54 26 -14
54 155 18
54 96 -73
55 0 -42
55 405 69
55 37 -99
55 76 -64
55 428 -45
55 332 -52
55 339 52
55 387 97
56 0 81
56 227 -27
56 485 79
56 167 -94
56 70 -46
56 415 99
57 248 -79
57 280 -58
57 214 -13
57 388 25
58 215 81
58 165 93
58 322 -41
59 195 -83
59 186 4
59 477 -96
59 15 15
59 43 -31
60 161 -31
60 429 72
60 349 18
60 140 81
60 108 -41
60 229 -52
60 42 -52
60 184 -46
61 145 -86
61 122 -26
61 84 -94
61 32 82
61 208 -69
61 219 69
61 485 -99
61 288 70
61 449 -15
61 318 -17
61 415 50
62 428 -54
62 473 -78
62 103 66
63 399 49
63 237 -67
63 307 84
63 97 48
63 125 94
64 207 -99
64 42 -55
65 241 49
66 95 -44
67 333 65
67 119 49
68 49 47
68 204 49
68 315 -10
68 368 -38
68 434 60
69 468 -33
69 48 -34
69 188 30
69 283 78
69 451 -9
69 288 87
69 135 -12
69 369 -17
69 59 -28
70 379 96
70 175 44
70 309 29
70 135 -68
70 362 -98
70 111 2
71 473 -46
71 446 19
71 285 -95
71 9 -55
71 399 98
72 316 -2
72 282 48
72 424 -28
72 19 46
72 97 -2
73 93 -71
73 180 68
73 493 56
73 429 -1
73 22 36
74 25 10
74 295 -43
74 28 -56
74 110 -78
74 339 -28
74 445 -35
74 449 -55
74 165 27
74 81 -43
75 215 45
76 170 70
76 197 -38
76 478 -36
76 20 -35
76 77 -48
76 445 -68
77 43 -93
77 344 84
78 173 -60
78 168 97
78 478 20
78 396 40
78 263 -89
78 462 27
78 467 14
79 324 73
79 498 -77
79 104 -40
79 138 -89
79 358 -45
79 451 55
79 221 -54
79 413 73
79 24 -65
80 114 -56
80 474 64
80 291 -62
80 463 14
80 132 84
81 264 -98
81 300 -51
81 403 27
81 136 -40
81 109 20
81 311 -41
82 124 -3
82 392 -70
82 188 -56
82 363 27
83 273 61
83 79 79
83 339 -69
83 28 93
84 443 -80
84 125 68
84 141 70
84 91 67
85 220 -10
85 362 -70
85 251 -52
85 274 -15
85 96 93
85 191 -88
85 79 -37
85 300 -32
85 272 44
86 145 2
86 212 12
86 359 20
86 187 82
86 460 73
87 283 40
87 289 -19
88 49 1
88 353 -11
88 365 -98
88 245 -24
88 310 13
88 39 -51
89 106 3
89 191 44
89 134 35
89 349 -13
89 491 -49
89 84 -5
89 485 -40
90 313 -57
90 261 73
90 392 76
90 352 -84
90 87 27
90 245 -63
90 202 -65
90 288 34
91 192 97
91 498 47
91 418 41
91 235 47
92 432 -32
92 17 36
92 481 49
92 51 -3
92 18 -14
93 163 -24
93 494 -69
94 237 11
94 209 -93
94 289 -94
94 90 45
95 486 -26
95 71 1
96 407 35
96 426 -18
96 408 41
96 60 -93
97 348 55
97 420 23
97 317 57
97 16 2
97 390 -19
97 35 10
97 427 -1
98 195 -70
98 7 -99
98 63 -26
98 319 30
98 78 -80
98 100 -32
99 56 71
100 109 33
100 188 53
100 332 -60
100 406 92
101 396 18
101 308 -99
101 399 41
101 25 -3
101 388 -86
101 42 61
102 371 52
102 317 35
103 81 -45
103 263 2
103 189 -16
104 146 49
104 98 52
104 419 -25
105 32 58
105 17 -89
105 211 -36
105 253 58
105 474 26
105 436 -99
105 343 -50
105 403 83
106 379 -43
106 166 -72
106 387 68
106 222 99
107 134 -10
107 156 63
107 91 40
107 413 -44
107 18 94
108 331 59
108 310 -28
108 379 56
108 71 45
108 186 -24
109 179 -62
109 207 -87
109 255 -19
109 314 91
109 475 30
110 45 -16
110 348 -34
111 7 -49
111 139 29
111 154 -34
111 148 19
111 439 25
111 398 -96
112 370 -23
112 271 -53
112 434 27
113 427 -43
113 79 -54
113 361 98
113 335 -54
114 435 -80
114 1 -41
114 375 -30
114 178 62
114 182 -63
114 398 58
114 423 3
115 1 -23
115 369 4
115 234 39
115 257 -20
115 48 0
115 495 -44
115 155 -42
116 325 24
116 91 -39
117 187 80
117 171 -58
117 260 31
117 217 12
118 262 -86
118 163 25
118 421 -4
118 498 76
118 464 -59
118 29 94
118 172 -99
118 255 -93
119 196 28
120 87 -45
120 71 -54
120 135 -8
120 196 0
120 499 -87
121 276 94
121 303 -79
121 438 74
121 390 65
121 92 86
122 103 -24
122 444 81
122 271 -55
122 468 13
122 344 -44
122 45 -66
122 326 35
123 436 38
123 292 33
123 215 56
123 425 7
123 476 91
124 11 -62
124 318 -75
124 188 69
124 336 31
124 176 77
124 491 -19
124 196 -70
124 161 83
124 476 36
124 107 -78
125 418 -14
125 154 -99
125 325 20
125 336 92
125 238 30
126 494 58
126 284 -100
126 158 -84
126 174 -66
126 109 -91
126 257 -20
126 443 -98
126 394 69
126 153 38
127 498 -82
127 294 -45
127 396 -93
127 178 -9
127 279 32
127 300 20
127 51 -55
127 398 -83
127 450 -5
127 45 -91
127 94 -54
128 184 75
128 281 34
128 99 56
128 161 -92
128 9 -19
129 81 9
129 413 -58
129 177 3
129 415 5
130 250 -74
130 71 -52
131 120 -4
131 152 85
131 251 -8
131 279 40
131 246 95
131 426 -67
131 292 -10
131 326 48
131 189 90
131 54 -86
131 26 69
132 45 -85
132 8 -3
132 175 99
133 22 2
133 489 -21
133 355 -60
133 247 -14
134 424 -39
134 215 6
135 270 -96
135 96 -14
135 225 81
135 371 6
136 199 -69
136 47 90
137 444 19
137 325 -98
137 251 4
137 3 68
137 224 -33
137 209 59
137 274 -8
138 201 46
138 328 -94
138 475 -34
138 454 47
139 415 -43
139 469 -34
139 376 10
139 394 6
140 305 71
140 401 -99
140 87 12
140 467 -30
140 406 -23
140 54 10
140 80 1
140 83 -76
141 351 -32
141 442 57
141 282 48
141 472 70
141 182 40
142 322 -91
142 140 -65
142 260 21
142 143 66
142 311 66
142 130 68
142 0 -74
142 62 34
142 468 78
143 461 -74
143 154 29
143 379 -1
143 477 79
144 330 -81
144 230 22
144 443 3
144 199 -50
144 90 -27
144 249 49
144 353 72
145 76 21
146 227 -7
146 491 35
146 272 0
146 322 36
146 111 -30
147 495 57
147 447 43
147 240 69
147 80 85
147 401 27
148 9 -67
148 145 59
148 180 -52
148 110 -10
148 56 53
148 43 -56
148 420 17
149 182 97
149 35 -82
149 178 40
149 137 -57
149 284 67
150 463 81
150 35 93
150 91 8
150 147 -63
150 441 -52
151 414 -100
151 465 8
151 370 25
152 156 13
152 429 -15
152 357 -97
152 445 16
152 489 -79
153 427 58
153 349 55
153 171 95
153 167 31
153 165 -65
153 453 46
153 439 70
153 12 -68
153 397 35
153 419 61
154 309 13
154 319 33
154 276 81
154 170 -80
154 14 -67
155 341 87
155 150 -6
155 444 -54
155 1 65
155 285 58
156 41 -90
156 210 -72
156 309 9
156 179 -66
157 117 22
157 208 80
157 176 37
157 337 -63
157 280 -53
157 364 81
157 402 -9
157 10 -49
158 484 76
158 337 13
159 15 13
159 359 18
159 107 -11
159 155 -78
159 343 -24
160 208 24
160 159 -41
160 384 -79
160 471 10
161 157 77
161 270 80
161 431 81
162 121 -56
162 282 45
162 54 -18
162 223 37
162 319 -30
162 246 29
162 271 75
162 125 -74
163 395 -80
163 282 58
163 236 -28
164 431 15
164 276 51
164 55 88
164 445 -31
165 215 -56
165 98 -8
165 94 88
165 114 66
165 255 90
165 298 -8
165 175 -65
165 246 100
165 356 88
165 297 56
166 318 25
166 31 -50
166 390 -91
166 202 81
167 396 32
167 39 -63
167 219 -98
167 79 51
168 118 82
169 371 60
169 242 -77
169 427 79
169 115 55
169 459 37
169 190 -10
170 473 82
170 269 -54
170 204 -38
170 86 41
171 352 -30
171 319 34
172 223 83
173 74 100
173 465 58
173 430 72
173 248 -42
173 491 39
173 383 -99
174 163 -53
174 150 87
174 183 0
174 463 -26
175 160 89
176 131 -1
176 216 8
177 490 84
177 492 29
177 238 42
177 171 -21
177 421 -98
177 235 45
178 70 23
178 90 44
178 114 -8
178 7 89
178 192 14
178 51 98
178 264 -90
178 294 92
178 292 -55
179 17 -68
179 58 -19
180 174 34
180 495 -54
180 160 99
180 70 67
181 427 77
181 82 83
181 487 46
181 98 -74
181 59 40
181 43 -3
181 441 42
182 50 -79
182 482 -20
183 1 79
183 163 57
183 201 40
184 48 -20
184 141 91
184 194 -1
184 2 -61
185 399 -51
185 251 82
185 56 27
185 460 26
185 180 -4
185 234 81
185 179 -45
186 204 96
186 203 74
186 60 -32
186 54 -66
187 429 -15
187 384 -32
187 115 83
187 310 32
188 441 11
188 450 -53
188 232 86
188 276 28
188 70 7
188 398 60
189 72 -9
189 384 -58
189 378 29
189 486 1
189 373 -78
190 151 -44
190 174 -90
191 177 -42
191 493 -83
191 368 -20
191 217 -80
192 322 -33
192 14 -92
192 426 12
192 304 11
192 384 83
192 363 -81
193 355 19
193 297 -5
193 252 7
193 373 -59
193 8 17
193 85 -28
193 223 -5
194 26 78
194 341 5
194 421 -85
194 362 -25
195 18 -35
195 386 64
195 173 98
195 247 19
195 140 -70
195 161 -46
195 402 -39
195 317 -54
195 236 93
195 87 62
195 51 -1
196 209 19
196 154 -79
196 397 -42
196 141 13
196 37 85
196 138 1
197 229 68
197 119 99
197 273 72
197 391 77
197 5 -9
197 385 55
198 460 -71
198 324 46
198 92 -81
198 322 19
198 263 70
199 61 -62
199 289 0
199 328 -68
199 463 -40
200 434 99
200 277 -85
200 424 58
200 230 85
200 358 46
200 161 -56
200 237 -96
200 205 -72
200 397 5
200 15 20
200 135 -26
201 95 22
201 174 -64
201 156 -95
202 249 21
202 152 99
202 187 19
203 346 40
203 408 -67
203 389 12
203 357 64
203 439 -84
203 426 59
204 103 -47
204 114 -41
204 405 7
204 467 91
205 44 -42
205 310 -24
205 241 11
205 74 46
205 435 -7
206 421 13
206 357 -3
206 295 -22
206 173 -89
206 283 78
206 285 12
206 146 -45
207 440 73
207 156 7
207 78 -89
207 24 64
208 40 1
208 304 -12
208 256 -93
208 264 25
208 322 -90
209 377 1
209 145 -71
209 380 58
209 220 24
209 3 -93
209 408 -81
210 252 -50
210 287 15
210 116 90
211 238 59
211 182 -54
211 217 32
211 303 28
212 276 26
212 322 -35
212 217 -22
213 396 33
213 183 35
213 33 93
213 431 -21
213 59 -95
213 355 -90
214 485 54
214 357 71
214 374 52
214 33 -28
214 262 -48
214 349 54
214 496 -33
216 273 97
216 395 -53
216 461 65
216 301 44
217 64 -75
217 213 -34
217 69 71
218 263 -25
218 424 -9
218 0 -9
218 109 79
218 312 46
218 310 15
218 383 -8
218 400 95
219 497 28
219 435 -87
219 2 17
219 403 -61
219 12 -99
219 240 75
219 116 -45
219 316 -45
220 47 97
220 246 -31
220 306 39
220 370 -84
220 467 -13
220 11 87
220 480 -6
220 117 51
220 113 42
220 69 16
221 98 -36
221 355 -66
221 350 -43
221 345 28
221 150 -90
222 216 -38
222 64 98
222 279 -53
222 462 -72
222 288 65
222 232 29
222 498 -69
222 45 -32
223 282 55
223 290 -27
223 87 -11
223 83 -36
224 244 16
224 446 -66
224 231 -5
224 10 -61
224 296 26
225 201 41
225 484 -32
225 303 -16
226 113 -90
226 311 71
226 395 22
226 274 21
226 283 -37
226 229 82
226 388 -73
226 80 -89
226 157 64
227 354 -45
227 318 -69
227 62 -99
228 42 -65
228 456 -85
228 254 -98
228 391 96
228 28 93
229 273 -14
229 317 56
229 461 34
229 385 -91
230 338 12
230 400 -29
230 326 90
230 404 -1
231 446 30
231 254 -85
232 487 -13
232 22 60
232 246 53
232 221 17
232 363 -100
232 362 12
232 249 -17
232 187 -69
233 330 11
233 134 55
233 153 -34
233 435 -75
234 389 88
234 459 -52
234 171 31
234 226 80
235 138 -53
235 84 -19
235 452 -53
235 349 56
236 112 -27
236 268 -83
236 333 -40
236 3 -84
236 454 -97
236 411 -88
236 242 16
236 394 2
236 258 -84
236 331 10
236 442 -74
236 485 54
236 277 -17
236 146 -84
237 251 55
237 199 -49
237 196 -25
237 490 -5
238 41 80
238 270 21
238 103 16
238 484 -89
238 326 -41
239 207 -47
239 330 -33
239 21 -50
240 66 -57
240 341 -29
241 421 6
241 392 -46
241 212 16
241 149 19
241 275 56
241 284 -40
242 228 73
242 297 -53
242 90 -8
242 249 40
242 76 58
242 294 15
242 435 0
242 339 -14
242 357 -50
242 254 -31
242 31 -89
243 288 99
243 177 -89
244 235 36
244 303 62
244 406 10
244 354 86
244 48 -9
244 478 -97
244 455 58
244 376 5
245 486 -25
245 29 8
245 359 24
245 460 -69
245 72 52
245 392 78
245 187 22
245 386 -16
245 389 -84
245 433 25
246 159 52
246 72 21
246 394 21
246 163 12
246 376 -28
246 493 60
247 119 27
247 249 -65
247 440 92
247 271 75
247 240 49
248 159 47
248 363 96
248 266 32
248 400 -53
249 450 19
249 426 -22
249 265 81
250 78 33
250 176 67
250 270 33
251 347 -71
251 136 -37
251 122 -62
251 78 -45
251 247 -6
252 103 54
252 279 -45
252 243 -82
252 22 -39
252 351 58
253 252 -66
253 162 -25
253 295 -97
253 432 -68
254 462 -83
254 470 8
254 420 -85
254 448 55
255 239 60
255 245 -48
255 439 0
255 459 -17
255 338 88
256 371 -54
256 347 99
256 424 9
256 46 -13
256 367 3
256 437 -42
257 124 69
257 240 25
257 41 -39
259 145 33
259 184 -26
259 36 64
259 21 27
259 185 -40
259 56 -87
259 238 99
259 130 -48
260 161 98
260 373 -74
260 381 -15
260 231 -46
260 97 -19
260 32 34
260 140 12
261 221 88
261 234 -16
261 260 44
261 419 -92
262 443 -68
262 292 -76
262 240 -14
262 152 57
263 385 25
263 100 92
263 198 -94
263 172 83
263 397 -63
264 79 58
264 399 54
265 232 35
265 81 37
265 428 -65
265 214 69
265 326 -40
266 120 73
266 445 -26
266 21 54
267 295 42
267 210 -8
267 411 -3
267 92 58
267 128 -59
267 260 48
267 235 -93
267 125 -42
267 205 86
268 325 98
269 418 -27
269 32 -45
269 34 23
269 77 -84
269 116 91
270 477 43
270 234 37
270 397 72
271 349 56
272 452 53
272 247 -15
272 419 61
273 338 93
273 162 17
274 451 -50
274 20 14
274 105 64
274 248 -23
275 26 -53
275 458 97
276 43 25
276 201 -30
276 260 -93
276 195 36
276 445 -25
277 477 -30
277 156 73
277 16 66
277 448 31
277 288 20
277 28 36
278 186 76
278 325 20
278 470 -41
278 310 36
278 434 36
278 436 55
278 268 10
278 482 -26
279 423 -85
279 200 5
279 290 90
280 342 5
281 296 -36
281 388 58
281 393 -17
281 370 45
282 284 31
282 231 -68
282 375 -81
282 327 22
282 98 63
282 194 -82
284 479 -27
284 5 -81
284 297 -69
284 361 -45
284 233 54
284 377 57
285 427 7
285 334 17
285 291 -66
286 417 62
286 262 63
286 476 93
286 413 -76
286 186 -40
286 429 -4
286 3 91
286 430 44
286 371 -2
286 266 -39
286 51 -97
286 320 -24
287 58 22
287 451 77
287 429 41
287 144 20
287 378 82
288 190 -16
289 456 91
289 208 55
289 385 46
289 100 82
289 115 -34
289 188 -80
290 291 83
290 11 69
290 312 -27
290 333 -61
290 345 -9
290 104 -62
291 220 -49
291 455 -3
291 84 -3
291 261 91
291 126 -44
291 76 -75
291 296 49
291 319 20
291 334 -65
292 162 63
292 170 68
292 414 -65
292 108 76
292 232 -39
292 287 54
293 215 -58
293 113 70
293 8 -52
293 254 33
293 216 -95
293 370 -42
293 351 79
293 163 -31
293 7 22
294 157 -34
294 71 -62
294 104 76
294 363 25
294 397 -76
294 334 -99
294 490 -82
295 119 -99
295 57 8
295 163 93
295 375 24
295 43 53
295 238 -32
295 70 -62
295 182 28
295 9 14
295 185 29
295 293 -50
296 341 86
296 440 -93
296 243 -45
296 247 20
297 53 55
297 174 100
297 423 92
297 455 0
298 316 -28
298 7 -39
298 349 -99
298 356 60
298 232 28
299 373 -94
299 35 -63
299 361 25
299 139 99
299 207 59
299 131 -85
299 87 53
299 451 -7
299 42 69
300 419 -93
300 136 51
300 344 92
301 272 -73
301 178 -97
301 239 -28
301 306 67
301 458 -2
301 322 -37
301 469 -98
301 184 99
301 24 -95
301 368 -30
301 464 61
301 230 34
301 359 31
302 179 -46
303 219 -70
303 177 -17
303 486 49
303 109 -56
304 9 -91
304 164 -80
304 148 -87
304 404 92
304 216 57
305 485 41
306 24 -24
306 26 78
306 20 -51
306 430 -81
306 433 -28
306 315 -28
307 191 -97
307 200 -53
308 340 -10
308 9 91
308 360 -17
308 12 98
308 217 48
309 132 -68
309 93 -2
309 237 98
309 94 96
309 204 -58
310 322 19
310 264 -50
310 183 25
310 470 -21
310 199 -48
311 370 -95
311 160 81
311 275 -74
311 419 -54
311 324 61
311 214 53
311 400 -15
311 150 -15
311 50 80
311 168 68
311 417 20
311 26 7
311 118 -86
312 351 -6
312 422 57
312 33 -76
312 431 -24
312 379 -98
312 440 -93
312 326 42
312 240 -63
312 270 18
312 131 33
312 203 -50
312 38 98
312 455 22
313 441 -3
313 302 -31
313 68 -62
313 29 -60
313 451 -60
313 60 61
313 12 10
314 246 -51
314 193 62
314 110 33
314 79 -54
314 27 -5
314 263 11
315 284 -1
315 267 32
315 437 -36
315 145 48
315 121 51
315 169 59
316 109 73
316 479 -91
316 273 -14
316 120 -14
316 99 53
317 470 55
317 113 -81
317 227 -94
318 172 -77
318 377 65
318 449 -93
318 414 -53
319 69 64
320 356 94
320 499 5
320 494 9
320 329 57
320 302 94
322 468 71
322 54 35
323 434 -26
323 134 53
323 50 2
323 318 -99
324 171 41
324 146 -98
324 255 -49
324 120 -44
325 143 -75
325 42 97
325 36 -70
325 483 55
326 483 -4
326 341 -62
326 30 -85
326 473 -89
326 408 39
326 337 80
327 2 -57
327 190 -19
327 88 26
327 221 47
327 415 97
327 308 -98
327 132 -41
327 457 -61
327 382 -76
328 435 -38
328 378 -60
328 82 -8
328 473 27
328 329 -35
328 103 -9
328 414 4
329 316 24
329 354 25
329 188 85
329 491 -37
329 300 13
329 121 32
330 226 -93
330 16 -72
330 435 -63
331 33 40
331 28 100
331 249 -69
331 256 -66
331 447 -4
331 186 80
331 432 -90
332 223 4
332 83 68
332 385 46
332 143 -57
333 176 -25
333 411 46
333 424 79
333 117 86
333 456 7
333 168 -25
333 232 19
334 419 29
334 337 -64
335 148 -18
335 41 81
335 294 63
335 308 65
335 248 -25
335 85 2
335 302 -71
336 429 73
336 432 11
336 171 -34
336 365 41
336 134 18
336 219 -72
337 480 30
337 184 -65
337 372 -50
337 302 22
337 398 -31
338 497 63
338 44 -48
339 175 73
339 391 -32
339 383 -53
339 479 32
340 204 53
340 286 57
340 329 84
340 355 26
340 95 9
340 348 23
340 488 -48
340 385 -7
340 466 -45
340 27 46
341 263 69
341 394 -5
341 210 73
341 41 -23
341 466 -72
342 459 -72
342 214 86
342 291 68
342 269 -2
342 262 42
342 478 75
342 161 31
342 407 60
343 159 -85
343 228 96
343 89 -21
343 423 -42
343 17 26
343 191 13
343 132 -85
343 42 -7
344 395 -13
344 256 45
344 476 -75
344 416 55
344 148 18
344 134 41
345 52 -38
345 406 43
345 341 -70
345 363 -14
345 326 12
345 281 44
346 298 51
346 416 82
346 279 33
346 23 -52
346 175 -95
346 50 97
346 261 73
346 131 -100
347 247 14
347 454 15
347 332 59
348 469 96
348 55 -73
348 37 42
348 78 12
348 143 74
348 390 13
348 124 57
348 329 -9
348 436 86
349 465 9
349 253 -74
349 108 -25
349 190 -65
349 28 15
349 83 -57
349 168 95
349 92 -89
349 88 17
350 26 9
350 375 90
350 82 -12
351 282 -91
351 318 -58
351 309 -68
351 456 19
352 27 -62
352 362 -7
352 209 73
352 177 82
352 115 54
352 142 3
352 159 92
353 222 71
353 385 19
353 79 28
353 278 44
354 169 -68
354 306 4
354 478 -15
354 373 -45
354 297 -96
354 244 17
354 7 -26
354 214 54
354 85 90
355 299 76
355 477 86
355 264 -52
355 375 -98
355 463 -54
356 205 0
356 145 100
356 420 18
357 482 2
357 276 -49
357 474 -97
357 184 -38
357 237 -100
357 419 61
357 102 -11
357 73 -63
358 412 93
359 31 68
359 34 62
359 155 72
359 390 1
359 317 -89
359 464 -41
359 444 -37
359 247 -64
359 344 -61
360 441 4
360 301 70
360 349 -46
360 247 -12
360 125 90
360 491 91
361 310 71
361 48 79
361 329 -17
361 328 22
361 11 5
362 74 -38
363 82 -90
364 341 -1
364 49 94
364 440 89
364 60 -14
365 129 67
365 461 -43
365 185 -61
365 384 -66
365 180 34
365 470 -25
366 218 -21
366 358 -85
366 432 -30
366 326 99
366 208 -1
367 133 -3
367 177 -63
367 102 68
368 456 92
368 8 30
368 261 79
368 438 -98
368 408 0
368 179 80
368 169 92
369 464 32
369 176 19
369 408 47
370 68 100
370 11 -55
370 471 54
370 107 39
370 378 -73
370 102 34
370 222 -57
370 180 -66
371 446 7
371 267 84
371 499 -91
371 197 16
371 31 -92
371 228 -74
371 183 11
372 336 -37
372 229 -95
372 209 -31
372 6 92
372 52 14
373 92 -15
373 77 54
373 172 -24
374 372 -9
374 18 90
374 95 -36
374 207 51
374 50 -15
374 260 53
374 15 -9
375 233 -90
375 183 -52
375 388 -71
375 306 98
375 173 -30
376 170 65
376 393 -69
376 438 37
376 319 23
377 424 -70
377 5 -54
377 483 -59
377 340 83
378 336 85
378 121 -73
379 462 13
379 174 15
379 191 27
379 493 -23
379 276 67
379 8 88
380 491 19
380 175 65
381 352 -42
381 482 12
381 36 -28
381 3 -13
381 313 34
381 346 11
381 353 71
381 24 -81
382 452 66
383 230 47
383 292 -94
383 147 68
383 456 -3
383 58 -70
383 192 -50
383 196 -78
383 80 -86
384 347 -33
385 162 -7
385 264 -86
385 249 -40
385 433 87
385 250 -38
385 483 -54
385 329 45
386 35 -47
386 490 -92
386 395 9
386 227 -20
387 269 -40
387 168 85
387 192 -35
387 247 -51
387 99 -41
388 106 -35
388 81 88
388 365 34
388 215 -42
388 361 100
389 220 -94
389 439 4
389 60 23
389 89 84
389 406 30
390 395 -84
390 239 -100
390 448 24
390 146 -31
390 120 75
391 178 -75
391 398 46
392 417 -74
392 231 -79
392 189 -67
392 293 91
392 391 -79
392 121 -72
392 182 -98
393 444 79
393 197 -35
393 110 -90
394 11 -36
394 494 -39
394 377 0
394 322 35
394 219 90
394 312 -69
394 335 11
395 475 91
395 356 -67
395 437 62
395 142 53
396 164 -18
396 72 -89
396 206 62
397 278 -20
397 335 -28
397 492 57
397 104 54
397 362 -59
398 144 55
398 55 -52
398 13 -25
398 311 60
398 433 -28
398 400 -32
398 197 45
398 57 -15
399 251 -3
399 324 -56
399 35 -74
399 433 64
400 165 44
400 216 -3
400 445 -66
400 484 50
400 252 -29
400 184 -32
401 180 57
401 173 56
401 325 23
401 109 88
402 151 -62
402 429 76
402 304 86
402 144 82
402 356 18
402 253 -1
403 334 71
403 306 3
403 40 -6
403 236 -7
403 46 45
404 128 -49
404 305 12
404 339 -1
404 344 77
404 6 -11
405 383 -71
405 83 31
405 79 -68
405 220 90
406 325 -84
407 496 40
407 381 -34
407 115 95
407 216 59
407 448 -83
407 139 78
407 144 -89
407 100 -61
407 360 4
407 344 35
408 85 40
408 41 90
408 411 -66
408 451 90
408 126 28
409 213 45
409 41 87
409 0 62
409 316 54
409 215 -21
409 472 -72
409 336 34
409 424 99
409 352 79
409 269 -93
410 17 -44
410 394 -50
410 174 -87
410 209 8
410 140 -56
410 194 -44
411 409 94
411 124 -5
411 305 -3
411 1 -97
412 271 -47
412 99 -92
412 484 99
412 171 -95
412 256 -100
412 287 -93
412 451 86
413 148 87
413 411 -22
413 121 -48
413 1 97
414 351 65
414 68 9
414 289 -62
414 480 -76
414 409 28
415 117 97
415 54 -33
415 200 -22
415 446 14
415 487 93
416 247 36
416 236 -55
417 383 82
417 250 25
417 264 -86
417 10 -94
417 149 54
417 134 -21
417 101 -30
417 68 65
418 118 -42
418 416 40
419 214 -15
419 319 -2
419 477 63
420 341 41
420 460 -68
420 489 -3
421 463 23
421 283 -48
421 498 9
422 30 58
422 272 79
423 109 35
423 10 -4
423 361 -11
423 355 -25
423 454 -59
424 444 85
424 434 66
424 406 93
424 13 -63
424 378 93
424 98 87
425 290 74
425 302 12
425 152 24
426 113 98
426 295 -37
426 129 84
427 105 -99
427 193 -21
427 218 95
427 471 39
427 268 -63
428 278 -66
428 256 48
428 439 13
428 44 -76
428 85 -69
428 91 29
428 382 45
428 259 -94
429 355 -31
429 490 1
429 368 -9
429 358 -93
429 304 -31
429 115 -7
429 342 92
429 376 -22
430 106 -94
430 101 -98
430 135 -16
430 103 98
430 278 -45
430 248 27
431 473 92
431 261 36
431 36 -36
431 164 -67
432 65 -77
432 195 -50
432 116 87
432 480 -89
432 441 59
432 401 -30
433 430 -48
433 57 12
433 320 70
433 142 21
433 319 -71
433 115 28
433 125 -85
433 85 -90
434 182 -33
434 332 -42
435 448 -88
435 441 -65
435 239 49
436 418 -48
436 362 -42
436 216 -57
436 400 -28
437 177 100
437 131 -76
437 115 -10
437 111 89
438 454 -85
438 175 29
438 119 -45
438 408 -93
438 460 9
439 304 -76
439 344 -43
440 485 55
440 281 -18
440 477 76
440 102 -88
441 116 -39
441 434 18
441 410 72
441 197 14
442 99 -31
442 152 -40
442 325 -60
442 301 -89
442 190 -90
443 377 -9
443 148 -100
443 81 -30
443 162 90
443 462 -94
443 469 -39
443 22 68
443 265 77
443 123 -82
443 234 27
443 326 1
443 308 90
443 128 93
444 249 -15
444 294 6
444 231 -10
444 58 -9
444 113 -26
444 186 83
445 230 73
445 410 -61
445 157 26
445 1 81
445 215 -68
445 199 89
446 421 1
446 162 67
447 336 -3
447 53 89
447 21 91
447 196 60
447 284 -96
447 95 -48
447 248 19
448 368 -69
448 109 -29
448 400 62
448 145 89
448 341 84
449 13 -93
449 87 7
449 120 -76
449 73 -61
449 374 -11
449 255 36
450 396 -29
450 354 -42
450 122 67
451 152 -43
451 471 28
452 311 -74
452 183 -7
452 168 -81
453 279 -54
453 58 -37
453 439 -65
453 33 63
453 389 79
453 495 79
454 419 74
454 250 -79
454 39 30
454 333 -70
455 93 -54
455 262 10
455 436 -87
455 298 -83
455 82 -76
455 281 -99
456 155 62
457 321 29
457 162 82
457 140 17
458 185 16
458 77 -95
458 374 -23
458 483 98
459 104 49
459 170 33
459 38 -12
459 358 97
459 279 -99
459 228 92
460 246 36
460 157 28
460 172 -37
460 326 -57
460 407 33
460 32 -4
460 424 59
460 190 25
460 82 94
461 129 2
461 299 -6
461 26 -60
461 370 -93
461 23 -93
462 164 30
462 115 98
462 18 -96
462 254 86
462 406 -85
462 299 -35
462 383 45
462 147 -90
462 74 -92
462 213 -33
463 495 85
463 401 56
463 287 -9
463 113 -47
463 461 -61
463 365 -54
463 291 9
464 441 -8
464 142 -17
465 395 4
465 17 6
465 402 -68
466 75 -38
466 297 88
466 250 -82
466 476 -12
466 283 -57
467 22 -96
467 49 -91
467 214 -86
467 391 95
467 264 -70
467 184 53
468 372 -18
468 421 -45
468 179 39
469 453 -86
469 437 -43
469 394 1
469 86 96
469 493 -32
469 306 -18
469 161 -10
469 84 89
470 154 -18
470 62 -66
470 45 66
470 455 69
470 218 73
470 443 -30
471 243 99
471 4 -74
471 348 -75
471 350 -75
472 229 -87
472 303 10
473 62 -9
473 445 66
473 79 48
473 295 -67
473 26 -66
473 103 80
474 44 -41
474 43 -70
475 68 35
476 479 33
476 113 -98
476 45 98
476 443 42
476 477 -92
477 200 -41
477 148 80
477 356 87
477 486 -68
478 413 43
478 161 -26
478 304 9
478 393 -26
479 108 35
479 203 53
479 282 -65
479 69 33
479 144 -77
479 421 -34
479 177 89
479 63 63
480 261 20
480 345 -57
481 295 -72
481 103 -27
481 171 -69
481 183 -67
481 31 -16
482 148 47
483 56 37
483 174 -1
483 12 -40
483 411 -99
483 239 -87
483 141 -79
483 34 -2
483 185 74
484 308 97
484 288 50
485 16 79
485 210 -29
485 212 -5
485 206 -65
486 366 67
486 131 -21
486 373 -35
487 458 4
487 248 45
487 468 -100
487 25 26
487 107 -68
487 169 -95
487 429 3
487 175 62
487 474 -59
488 245 -99
488 325 -78
488 3 23
488 457 -83
488 232 -76
488 10 88
488 254 51
488 298 46
489 360 -86
489 175 -31
489 11 -1
489 158 -46
490 287 43
490 479 66
490 210 2
490 75 97
491 10 22
491 206 87
492 496 -37
492 391 -70
492 341 0
492 420 -79
493 347 13
493 8 34
493 39 -100
493 315 -79
493 48 -7
493 395 -79
493 143 -51
494 106 -56
494 10 48
494 269 -50
494 98 -12
494 66 72
495 413 -75
495 465 -29
495 138 -67
495 244 15
496 354 -28
496 209 -32
496 331 50
496 266 -40
496 357 98
496 217 -3
497 91 71
497 109 -1
497 305 32
497 86 -53
497 366 63
497 81 -79
498 499 -19
498 436 55
498 96 -1
498 197 70
498 126 33
499 169 -16
499 257 42
499 248 76
499 356 55
499 270 33
